<?xml version="1.0" encoding="UTF-8"?>
<!-- Generated by org.testng.reporters.JUnitReportReporter -->
<testsuite hostname="SHASHWATA-WIN-10" failures="2" tests="6" name="testRunner.runnerTest" time="209.215" errors="0" timestamp="2023-05-17T15:04:02 IST" skipped="0">
  <testcase classname="testRunner.runnerTest" name="runScenario" time="27.023"/>
  <system-out/>
  <testcase classname="testRunner.runnerTest" name="runScenario" time="24.665"/>
  <system-out/>
  <testcase classname="testRunner.runnerTest" name="runScenario" time="38.558"/>
  <system-out/>
  <testcase classname="testRunner.runnerTest" name="runScenario" time="33.236">
    <failure message="null" type="java.lang.AssertionError">
      <![CDATA[java.lang.AssertionError: null
at org.testng.Assert.fail(Assert.java:110)
at org.testng.Assert.fail(Assert.java:115)
at stepDefinitions.ListUserHotel.verifyRegistration(ListUserHotel.java:84)
at ✽.A link to the registered email id is sent(file:///C:/Users/Shashwat%20Aryan/eclipse-workspace/MMT/src/test/resources/Register.feature:9)
]]>
    </failure>
  </testcase> <!-- runScenario -->
  <system-out/>
  <testcase classname="testRunner.runnerTest" name="runScenario" time="34.798"/>
  <system-out/>
  <testcase classname="testRunner.runnerTest" name="runScenario" time="50.935">
    <failure message="null" type="java.lang.AssertionError">
      <![CDATA[java.lang.AssertionError: null
at org.testng.Assert.fail(Assert.java:110)
at org.testng.Assert.fail(Assert.java:115)
at stepDefinitions.HotelPayment.reviewPrice(HotelPayment.java:67)
at ✽.The same amount should show in the booking review page and payments page(file:///C:/Users/Shashwat%20Aryan/eclipse-workspace/MMT/src/test/resources/Payment.feature:11)
]]>
    </failure>
  </testcase> <!-- runScenario -->
  <system-out/>
</testsuite> <!-- testRunner.runnerTest -->
