<?xml version="1.0" encoding="UTF-8"?>
<!-- Generated by org.testng.reporters.JUnitReportReporter -->
<testsuite hostname="SHASHWATA-WIN-10" failures="1" tests="3" name="testRunner.runnerTest" time="83.801" errors="0" timestamp="2023-05-19T15:54:23 IST" skipped="0">
  <testcase classname="testRunner.runnerTest" name="runScenario" time="20.152"/>
  <system-out/>
  <testcase classname="testRunner.runnerTest" name="runScenario" time="44.830">
    <failure message="null" type="java.lang.AssertionError">
      <![CDATA[java.lang.AssertionError: null
at org.testng.Assert.fail(Assert.java:110)
at org.testng.Assert.fail(Assert.java:115)
at stepDefinitions.HotelPayment.reviewPrice(HotelPayment.java:67)
at âœ½.The same amount should show in the booking review page and payments page(file:///C:/Users/Shashwat%20Aryan/eclipse-workspace/MMT/src/test/resources/Payment.feature:11)
]]>
    </failure>
  </testcase> <!-- runScenario -->
  <system-out/>
  <testcase classname="testRunner.runnerTest" name="runScenario" time="18.819"/>
  <system-out/>
</testsuite> <!-- testRunner.runnerTest -->
